Build started 16-10-2020 00:15:58.
     1>Project "c:\Users\aryam\documents\visual studio 2010\Projects\170101011-live-yes-no\170101011-live-yes-no\170101011-live-yes-no.vcxproj" on node 2 (build target(s)).
     1>InitializeBuildStatus:
         Creating "Debug\170101011-live-yes-no.unsuccessfulbuild" because "AlwaysCreate" was specified.
       ClCompile:
         All outputs are up-to-date.
         d:\VS-IITG\VC\bin\CL.exe /c /ZI /nologo /W3 /WX- /Od /Oy- /D WIN32 /D _DEBUG /D _CONSOLE /D _UNICODE /D UNICODE /Gm /EHsc /RTC1 /MDd /GS /fp:precise /Zc:wchar_t /Zc:forScope /Yu"StdAfx.h" /Fp"Debug\170101011-live-yes-no.pch" /Fo"Debug\\" /Fd"Debug\vc100.pdb" /Gd /TP /analyze- /errorReport:prompt "170101011-live-yes-no.cpp"
         170101011-live-yes-no.cpp
     1>c:\users\aryam\documents\visual studio 2010\projects\170101011-live-yes-no\170101011-live-yes-no\170101011-live-yes-no.cpp(200): warning C4996: 'getch': The POSIX name for this item is deprecated. Instead, use the ISO C++ conformant name: _getch. See online help for details.
                 d:\vs-iitg\vc\include\conio.h(128) : see declaration of 'getch'
       ManifestResourceCompile:
         All outputs are up-to-date.
       Link:
         d:\VS-IITG\VC\bin\link.exe /ERRORREPORT:PROMPT /OUT:"c:\users\aryam\documents\visual studio 2010\Projects\170101011-live-yes-no\Debug\170101011-live-yes-no.exe" /INCREMENTAL /NOLOGO kernel32.lib user32.lib gdi32.lib winspool.lib comdlg32.lib advapi32.lib shell32.lib ole32.lib oleaut32.lib uuid.lib odbc32.lib odbccp32.lib /MANIFEST /ManifestFile:"Debug\170101011-live-yes-no.exe.intermediate.manifest" /MANIFESTUAC:"level='asInvoker' uiAccess='false'" /DEBUG /PDB:"c:\users\aryam\documents\visual studio 2010\Projects\170101011-live-yes-no\Debug\170101011-live-yes-no.pdb" /SUBSYSTEM:CONSOLE /TLBID:1 /DYNAMICBASE /NXCOMPAT /IMPLIB:"c:\users\aryam\documents\visual studio 2010\Projects\170101011-live-yes-no\Debug\170101011-live-yes-no.lib" /MACHINE:X86 "Debug\170101011-live-yes-no.exe.embed.manifest.res"
         "Debug\170101011-live-yes-no.obj"
         Debug\stdafx.obj
       Manifest:
         C:\Program Files (x86)\Microsoft SDKs\Windows\v7.0A\bin\mt.exe /nologo /verbose /out:"Debug\170101011-live-yes-no.exe.embed.manifest" /manifest "Debug\170101011-live-yes-no.exe.intermediate.manifest"
         All outputs are up-to-date.
       LinkEmbedManifest:
         All outputs are up-to-date.
         170101011-live-yes-no.vcxproj -> c:\users\aryam\documents\visual studio 2010\Projects\170101011-live-yes-no\Debug\170101011-live-yes-no.exe
       FinalizeBuildStatus:
         Deleting file "Debug\170101011-live-yes-no.unsuccessfulbuild".
         Touching "Debug\170101011-live-yes-no.lastbuildstate".
     1>Done Building Project "c:\Users\aryam\documents\visual studio 2010\Projects\170101011-live-yes-no\170101011-live-yes-no\170101011-live-yes-no.vcxproj" (build target(s)).

Build succeeded.

Time Elapsed 00:00:00.90
