Build started 25-11-2020 00:05:25.
     1>Project "C:\Users\aryam\Desktop\170101011_4\170101011_lbg\lbg\lbg\lbg.vcxproj" on node 2 (build target(s)).
     1>InitializeBuildStatus:
         Creating "Debug\lbg.unsuccessfulbuild" because "AlwaysCreate" was specified.
       ClCompile:
         d:\VS-IITG\VC\bin\CL.exe /c /ZI /nologo /W3 /WX- /Od /Oy- /D WIN32 /D _DEBUG /D _CONSOLE /D _UNICODE /D UNICODE /Gm /EHsc /RTC1 /MDd /GS /fp:precise /Zc:wchar_t /Zc:forScope /Yc"StdAfx.h" /Fp"Debug\lbg.pch" /Fo"Debug\\" /Fd"Debug\vc100.pdb" /Gd /TP /analyze- /errorReport:prompt stdafx.cpp
         stdafx.cpp
         d:\VS-IITG\VC\bin\CL.exe /c /ZI /nologo /W3 /WX- /Od /Oy- /D WIN32 /D _DEBUG /D _CONSOLE /D _UNICODE /D UNICODE /Gm /EHsc /RTC1 /MDd /GS /fp:precise /Zc:wchar_t /Zc:forScope /Yu"StdAfx.h" /Fp"Debug\lbg.pch" /Fo"Debug\\" /Fd"Debug\vc100.pdb" /Gd /TP /analyze- /errorReport:prompt lbg.cpp
         lbg.cpp
       ManifestResourceCompile:
         C:\Program Files (x86)\Microsoft SDKs\Windows\v7.0A\bin\rc.exe /nologo /fo"Debug\lbg.exe.embed.manifest.res" Debug\lbg_manifest.rc 
       Link:
         d:\VS-IITG\VC\bin\link.exe /ERRORREPORT:PROMPT /OUT:"C:\Users\aryam\Desktop\170101011_4\170101011_lbg\lbg\Debug\lbg.exe" /INCREMENTAL /NOLOGO kernel32.lib user32.lib gdi32.lib winspool.lib comdlg32.lib advapi32.lib shell32.lib ole32.lib oleaut32.lib uuid.lib odbc32.lib odbccp32.lib /MANIFEST /ManifestFile:"Debug\lbg.exe.intermediate.manifest" /MANIFESTUAC:"level='asInvoker' uiAccess='false'" /DEBUG /PDB:"C:\Users\aryam\Desktop\170101011_4\170101011_lbg\lbg\Debug\lbg.pdb" /SUBSYSTEM:CONSOLE /TLBID:1 /DYNAMICBASE /NXCOMPAT /IMPLIB:"C:\Users\aryam\Desktop\170101011_4\170101011_lbg\lbg\Debug\lbg.lib" /MACHINE:X86 Debug\lbg.exe.embed.manifest.res
         Debug\lbg.obj
         Debug\stdafx.obj
       Manifest:
         C:\Program Files (x86)\Microsoft SDKs\Windows\v7.0A\bin\mt.exe /nologo /verbose /out:"Debug\lbg.exe.embed.manifest" /manifest Debug\lbg.exe.intermediate.manifest
         All outputs are up-to-date.
       LinkEmbedManifest:
         All outputs are up-to-date.
         lbg.vcxproj -> C:\Users\aryam\Desktop\170101011_4\170101011_lbg\lbg\Debug\lbg.exe
       FinalizeBuildStatus:
         Deleting file "Debug\lbg.unsuccessfulbuild".
         Touching "Debug\lbg.lastbuildstate".
     1>Done Building Project "C:\Users\aryam\Desktop\170101011_4\170101011_lbg\lbg\lbg\lbg.vcxproj" (build target(s)).

Build succeeded.

Time Elapsed 00:00:01.97
